ApplicationLifecycle1/app/build/intermediates/manifest_merge_blame_file/debug/manifest-merger-blame-debug-report.txt
1<?xml version="1.0" encoding="utf-8"?>
2<manifest xmlns:android="http://schemas.android.com/apk/res/android"
3    package="de.ecspride.applicationlifecycle1"
4    android:versionCode="1"
5    android:versionName="1.0" >
6
7    <uses-sdk
7-->src\main\AndroidManifest.xml:7:5-47
8        android:minSdkVersion="8"
8-->src\main\AndroidManifest.xml:7:5-47
9        android:targetSdkVersion="19" />
9-->src\main\AndroidManifest.xml:7:15-44
10
11    <uses-permission android:name="android.permission.SEND_SMS" />
11-->src\main\AndroidManifest.xml:9:5-66
11-->src\main\AndroidManifest.xml:9:22-64
12    <uses-permission android:name="android.permission.READ_PHONE_STATE" />
12-->src\main\AndroidManifest.xml:10:5-74
12-->src\main\AndroidManifest.xml:10:22-72
13
14    <application
14-->src\main\AndroidManifest.xml:13:5-28:19
15        android:name="de.ecspride.ApplicationLifecyle1"
15-->src\main\AndroidManifest.xml:18:9-56
16        android:allowBackup="true"
16-->src\main\AndroidManifest.xml:14:9-35
17        android:debuggable="true"
18        android:icon="@drawable/ic_launcher"
18-->src\main\AndroidManifest.xml:15:9-45
19        android:label="@string/app_name"
19-->src\main\AndroidManifest.xml:16:9-41
20        android:theme="@style/AppTheme" >
20-->src\main\AndroidManifest.xml:17:9-40
21        <activity
21-->src\main\AndroidManifest.xml:19:9-27:20
22            android:name="de.ecspride.MainActivity"
22-->src\main\AndroidManifest.xml:20:13-52
23            android:label="@string/title_activity_main" >
23-->src\main\AndroidManifest.xml:21:13-56
24            <intent-filter>
24-->src\main\AndroidManifest.xml:22:13-26:29
25                <action android:name="android.intent.action.MAIN" />
25-->src\main\AndroidManifest.xml:23:17-69
25-->src\main\AndroidManifest.xml:23:25-66
26
27                <category android:name="android.intent.category.LAUNCHER" />
27-->src\main\AndroidManifest.xml:25:17-77
27-->src\main\AndroidManifest.xml:25:27-74
28            </intent-filter>
29        </activity>
30    </application>
31
32</manifest>